<?xml version="1.0" encoding="UTF-8"?>
<!-- Generated by org.testng.reporters.JUnitReportReporter -->
<testsuite hostname="ram" failures="0" tests="1" name="com.allBirds.qa.testcases.HomePageTest" time="19.597" errors="0" timestamp="2024-09-20T20:38:08 IST" skipped="0">
  <testcase classname="com.allBirds.qa.testcases.HomePageTest" name="viewAccount" time="19.597"/>
</testsuite> <!-- com.allBirds.qa.testcases.HomePageTest -->
