<?xml version="1.0" encoding="UTF-8"?>
<!-- Generated by org.testng.reporters.JUnitReportReporter -->
<testsuite hostname="ram" failures="0" tests="1" name="com.allBirds.qa.testcases.LoginPageTest" time="15.968" errors="0" timestamp="2024-09-20T20:44:23 IST" skipped="0">
  <testcase classname="com.allBirds.qa.testcases.LoginPageTest" name="loginTest" time="15.968"/>
</testsuite> <!-- com.allBirds.qa.testcases.LoginPageTest -->
