<?xml version="1.0" encoding="UTF-8"?>
<!-- Generated by org.testng.reporters.JUnitReportReporter -->
<testsuite hostname="ram" failures="0" tests="1" name="com.allBirds.qa.testcases.CartPageTest" time="31.415" errors="0" timestamp="2024-09-20T00:35:21 IST" skipped="0">
  <testcase classname="com.allBirds.qa.testcases.CartPageTest" name="viewCartTest" time="31.415"/>
  <system-out/>
</testsuite> <!-- com.allBirds.qa.testcases.CartPageTest -->
