<?xml version="1.0" encoding="UTF-8"?>
<!-- Generated by org.testng.reporters.JUnitReportReporter -->
<testsuite hostname="ram" failures="0" tests="4" name="com.allBirds.qa.testcases.SignupPageTest" time="20.284" errors="0" timestamp="2024-09-19T17:46:02 IST" skipped="0">
  <testcase classname="com.allBirds.qa.testcases.SignupPageTest" name="signupTest" time="8.686"/>
  <system-out/>
  <testcase classname="com.allBirds.qa.testcases.SignupPageTest" name="validateSignupFieldsTest" time="4.385"/>
  <system-out/>
  <testcase classname="com.allBirds.qa.testcases.SignupPageTest" name="validateRegisterButtonTest" time="3.851"/>
  <system-out/>
  <testcase classname="com.allBirds.qa.testcases.SignupPageTest" name="validateSignupPageTitleTest" time="3.362"/>
  <system-out/>
</testsuite> <!-- com.allBirds.qa.testcases.SignupPageTest -->
