<?xml version="1.0" encoding="UTF-8"?>
<!-- Generated by org.testng.reporters.JUnitReportReporter -->
<testsuite hostname="ram" failures="0" tests="1" name="com.allBirds.qa.testcases.SearchPageTest" time="17.611" errors="0" timestamp="2024-09-19T20:48:11 IST" skipped="0">
  <testcase classname="com.allBirds.qa.testcases.SearchPageTest" name="validateSearchFieldTest" time="17.611"/>
  <system-out/>
</testsuite> <!-- com.allBirds.qa.testcases.SearchPageTest -->
